Determining if the pthread_create exist failed with the following output:
Change Dir: /home/tanujthakkar/ROS/catkin_ws/build/CMakeFiles/CMakeTmp

Run Build Command:"/usr/bin/make" "cmTC_22201/fast"
/usr/bin/make -f CMakeFiles/cmTC_22201.dir/build.make CMakeFiles/cmTC_22201.dir/build
make[1]: Entering directory '/home/tanujthakkar/ROS/catkin_ws/build/CMakeFiles/CMakeTmp'
Building C object CMakeFiles/cmTC_22201.dir/CheckSymbolExists.c.o
/usr/bin/cc    -o CMakeFiles/cmTC_22201.dir/CheckSymbolExists.c.o   -c /home/tanujthakkar/ROS/catkin_ws/build/CMakeFiles/CMakeTmp/CheckSymbolExists.c
Linking C executable cmTC_22201
/usr/bin/cmake -E cmake_link_script CMakeFiles/cmTC_22201.dir/link.txt --verbose=1
/usr/bin/cc      -rdynamic CMakeFiles/cmTC_22201.dir/CheckSymbolExists.c.o  -o cmTC_22201 
CMakeFiles/cmTC_22201.dir/CheckSymbolExists.c.o: In function `main':
CheckSymbolExists.c:(.text+0x1b): undefined reference to `pthread_create'
collect2: error: ld returned 1 exit status
CMakeFiles/cmTC_22201.dir/build.make:97: recipe for target 'cmTC_22201' failed
make[1]: *** [cmTC_22201] Error 1
make[1]: Leaving directory '/home/tanujthakkar/ROS/catkin_ws/build/CMakeFiles/CMakeTmp'
Makefile:126: recipe for target 'cmTC_22201/fast' failed
make: *** [cmTC_22201/fast] Error 2

File /home/tanujthakkar/ROS/catkin_ws/build/CMakeFiles/CMakeTmp/CheckSymbolExists.c:
/* */
#include <pthread.h>

int main(int argc, char** argv)
{
  (void)argv;
#ifndef pthread_create
  return ((int*)(&pthread_create))[argc];
#else
  (void)argc;
  return 0;
#endif
}

Determining if the function pthread_create exists in the pthreads failed with the following output:
Change Dir: /home/tanujthakkar/ROS/catkin_ws/build/CMakeFiles/CMakeTmp

Run Build Command:"/usr/bin/make" "cmTC_9441f/fast"
/usr/bin/make -f CMakeFiles/cmTC_9441f.dir/build.make CMakeFiles/cmTC_9441f.dir/build
make[1]: Entering directory '/home/tanujthakkar/ROS/catkin_ws/build/CMakeFiles/CMakeTmp'
Building C object CMakeFiles/cmTC_9441f.dir/CheckFunctionExists.c.o
/usr/bin/cc   -DCHECK_FUNCTION_EXISTS=pthread_create   -o CMakeFiles/cmTC_9441f.dir/CheckFunctionExists.c.o   -c /usr/share/cmake-3.10/Modules/CheckFunctionExists.c
Linking C executable cmTC_9441f
/usr/bin/cmake -E cmake_link_script CMakeFiles/cmTC_9441f.dir/link.txt --verbose=1
/usr/bin/cc  -DCHECK_FUNCTION_EXISTS=pthread_create    -rdynamic CMakeFiles/cmTC_9441f.dir/CheckFunctionExists.c.o  -o cmTC_9441f -lpthreads 
/usr/bin/ld: cannot find -lpthreads
collect2: error: ld returned 1 exit status
CMakeFiles/cmTC_9441f.dir/build.make:97: recipe for target 'cmTC_9441f' failed
make[1]: *** [cmTC_9441f] Error 1
make[1]: Leaving directory '/home/tanujthakkar/ROS/catkin_ws/build/CMakeFiles/CMakeTmp'
Makefile:126: recipe for target 'cmTC_9441f/fast' failed
make: *** [cmTC_9441f/fast] Error 2


